<?xml version="1.0" encoding="UTF-8"?>
<!-- Generated by org.testng.reporters.JUnitXMLReporter -->
<testsuite ignored="0" hostname="LAPTOP-RQ5ADVUS" failures="0" tests="4" name="Default test" time="22.494" errors="0" timestamp="2024-03-15T04:19:37 EET">
  <testcase classname="automationteststore.myTestCases" name="signup" time="11.604"/>
  <testcase classname="automationteststore.myTestCases" name="login" time="2.217"/>
  <testcase classname="automationteststore.myTestCases" name="contactNumberTest" time="1.158"/>
  <testcase classname="automationteststore.myTestCases" name="addAllItemsToCart" time="5.496"/>
</testsuite> <!-- Default test -->
